[debug] [2025-11-09T22:19:55.085Z] ----------------------------------------------------------------------
[debug] [2025-11-09T22:19:55.087Z] Command:       C:\nvm4w\nodejs\node.exe C:\Users\jason\AppData\Roaming\npm\node_modules\firebase-tools\lib\bin\firebase.js init
[debug] [2025-11-09T22:19:55.087Z] CLI Version:   14.24.1
[debug] [2025-11-09T22:19:55.087Z] Platform:      win32
[debug] [2025-11-09T22:19:55.087Z] Node Version:  v22.14.0
[debug] [2025-11-09T22:19:55.088Z] Time:          Sun Nov 09 2025 23:19:55 GMT+0100 (heure normale d’Europe centrale)
[debug] [2025-11-09T22:19:55.088Z] ----------------------------------------------------------------------
[debug] 
[debug] [2025-11-09T22:19:55.089Z] >>> [apiv2][query] GET https://firebase-public.firebaseio.com/cli.json [none]
[info] 
     ######## #### ########  ######## ########     ###     ######  ########
     ##        ##  ##     ## ##       ##     ##  ##   ##  ##       ##
     ######    ##  ########  ######   ########  #########  ######  ######
     ##        ##  ##    ##  ##       ##     ## ##     ##       ## ##
     ##       #### ##     ## ######## ########  ##     ##  ######  ########

You're about to initialize a Firebase project in this directory:

  E:\Projet Personnelle Anime\AnimeListPro\Frontend

[debug] [2025-11-09T22:19:55.405Z] <<< [apiv2][status] GET https://firebase-public.firebaseio.com/cli.json 200
[debug] [2025-11-09T22:19:55.405Z] <<< [apiv2][body] GET https://firebase-public.firebaseio.com/cli.json {"cloudBuildErrorAfter":1594252800000,"cloudBuildWarnAfter":1590019200000,"defaultNode10After":1594252800000,"minVersion":"3.0.5","node8DeploysDisabledAfter":1613390400000,"node8RuntimeDisabledAfter":1615809600000,"node8WarnAfter":1600128000000}
[debug] [2025-11-09T22:20:51.773Z] ExitPromptError: User force closed the prompt with SIGINT
    at Interface.sigint (C:\Users\jason\AppData\Roaming\npm\node_modules\firebase-tools\node_modules\@inquirer\core\dist\commonjs\lib\create-prompt.js:101:37)
    at Interface.emit (node:events:518:28)
    at Interface.emit (node:domain:489:12)
    at [_ttyWrite] [as _ttyWrite] (node:internal/readline/interface:1124:18)
    at ReadStream.onkeypress (node:internal/readline/interface:263:20)
    at ReadStream.emit (node:events:530:35)
    at ReadStream.emit (node:domain:489:12)
    at emitKeys (node:internal/readline/utils:370:14)
    at emitKeys.next (<anonymous>)
    at ReadStream.onData (node:internal/readline/emitKeypressEvents:64:36)
[error] 
[error] Error: An unexpected error has occurred.
